<?xml version="1.0" encoding="UTF-8"?>
<testsuite name="com.gradle.application.contasapagar.ContasAPagarControllerTest" tests="7" skipped="0" failures="0" errors="0" timestamp="2024-08-08T17:22:33" hostname="DBC-001580" time="0.715">
  <properties/>
  <testcase name="Deve retornar HTTP Status Code 200 ao atualizar a situação de uma conta a pagar" classname="com.gradle.application.contasapagar.ContasAPagarControllerTest" time="0.473"/>
  <testcase name="Deve retornar HTTP Status Code 200 ao obter uma conta a pagar pelo ID" classname="com.gradle.application.contasapagar.ContasAPagarControllerTest" time="0.035"/>
  <testcase name="Deve retornar HTTP Status Code 200 ao importar contas a pagar de um arquivo CSV" classname="com.gradle.application.contasapagar.ContasAPagarControllerTest" time="0.047"/>
  <testcase name="Deve retornar HTTP Status Code 200 ao obter o valor total pago por período" classname="com.gradle.application.contasapagar.ContasAPagarControllerTest" time="0.032"/>
  <testcase name="Deve retornar HTTP Status Code 200 ao atualizar uma conta a pagar existente" classname="com.gradle.application.contasapagar.ContasAPagarControllerTest" time="0.041"/>
  <testcase name="Deve retornar HTTP Status Code 200 ao obter contas a pagar paginadas por vencimento e descrição" classname="com.gradle.application.contasapagar.ContasAPagarControllerTest" time="0.041"/>
  <testcase name="Deve retornar HTTP Status Code 200 ao salvar uma nova conta a pagar" classname="com.gradle.application.contasapagar.ContasAPagarControllerTest" time="0.028"/>
  <system-out><![CDATA[14:22:28.016 [Test worker] DEBUG org.springframework.test.context.BootstrapUtils - Instantiating CacheAwareContextLoaderDelegate from class [org.springframework.test.context.cache.DefaultCacheAwareContextLoaderDelegate]
14:22:28.027 [Test worker] DEBUG org.springframework.test.context.BootstrapUtils - Instantiating BootstrapContext using constructor [public org.springframework.test.context.support.DefaultBootstrapContext(java.lang.Class,org.springframework.test.context.CacheAwareContextLoaderDelegate)]
14:22:28.069 [Test worker] DEBUG org.springframework.test.context.BootstrapUtils - Instantiating TestContextBootstrapper for test class [com.gradle.application.contasapagar.ContasAPagarControllerTest] from class [org.springframework.boot.test.autoconfigure.web.servlet.WebMvcTestContextBootstrapper]
14:22:28.082 [Test worker] INFO org.springframework.boot.test.autoconfigure.web.servlet.WebMvcTestContextBootstrapper - Neither @ContextConfiguration nor @ContextHierarchy found for test class [com.gradle.application.contasapagar.ContasAPagarControllerTest], using SpringBootContextLoader
14:22:28.087 [Test worker] DEBUG org.springframework.test.context.support.AbstractContextLoader - Did not detect default resource location for test class [com.gradle.application.contasapagar.ContasAPagarControllerTest]: class path resource [com/gradle/application/contasapagar/ContasAPagarControllerTest-context.xml] does not exist
14:22:28.087 [Test worker] DEBUG org.springframework.test.context.support.AbstractContextLoader - Did not detect default resource location for test class [com.gradle.application.contasapagar.ContasAPagarControllerTest]: class path resource [com/gradle/application/contasapagar/ContasAPagarControllerTestContext.groovy] does not exist
14:22:28.087 [Test worker] INFO org.springframework.test.context.support.AbstractContextLoader - Could not detect default resource locations for test class [com.gradle.application.contasapagar.ContasAPagarControllerTest]: no resource found for suffixes {-context.xml, Context.groovy}.
14:22:28.088 [Test worker] INFO org.springframework.test.context.support.AnnotationConfigContextLoaderUtils - Could not detect default configuration classes for test class [com.gradle.application.contasapagar.ContasAPagarControllerTest]: ContasAPagarControllerTest does not declare any static, non-private, non-final, nested classes annotated with @Configuration.
14:22:28.192 [Test worker] DEBUG org.springframework.test.context.support.ActiveProfilesUtils - Could not find an 'annotation declaring class' for annotation type [org.springframework.test.context.ActiveProfiles] and class [com.gradle.application.contasapagar.ContasAPagarControllerTest]
14:22:28.283 [Test worker] DEBUG org.springframework.context.annotation.ClassPathScanningCandidateComponentProvider - Identified candidate component class: file [C:\Users\tiago.marques\Documents\pessoal\benchmark\gradle-app\build\classes\java\main\com\gradle\GradleApplication.class]
14:22:28.285 [Test worker] INFO org.springframework.boot.test.context.SpringBootTestContextBootstrapper - Found @SpringBootConfiguration com.gradle.GradleApplication for test class com.gradle.application.contasapagar.ContasAPagarControllerTest
14:22:28.289 [Test worker] DEBUG org.springframework.boot.test.autoconfigure.web.servlet.WebMvcTestContextBootstrapper - @TestExecutionListeners is not present for class [com.gradle.application.contasapagar.ContasAPagarControllerTest]: using defaults.
14:22:28.289 [Test worker] INFO org.springframework.boot.test.autoconfigure.web.servlet.WebMvcTestContextBootstrapper - Loaded default TestExecutionListener class names from location [META-INF/spring.factories]: [org.springframework.security.test.context.support.WithSecurityContextTestExecutionListener, org.springframework.security.test.context.support.ReactorContextTestExecutionListener, org.springframework.boot.test.autoconfigure.restdocs.RestDocsTestExecutionListener, org.springframework.boot.test.autoconfigure.web.client.MockRestServiceServerResetTestExecutionListener, org.springframework.boot.test.autoconfigure.web.servlet.MockMvcPrintOnlyOnFailureTestExecutionListener, org.springframework.boot.test.autoconfigure.web.servlet.WebDriverTestExecutionListener, org.springframework.boot.test.autoconfigure.webservices.client.MockWebServiceServerTestExecutionListener, org.springframework.boot.test.mock.mockito.MockitoTestExecutionListener, org.springframework.boot.test.mock.mockito.ResetMocksTestExecutionListener, org.springframework.test.context.web.ServletTestExecutionListener, org.springframework.test.context.support.DirtiesContextBeforeModesTestExecutionListener, org.springframework.test.context.event.ApplicationEventsTestExecutionListener, org.springframework.test.context.support.DependencyInjectionTestExecutionListener, org.springframework.test.context.support.DirtiesContextTestExecutionListener, org.springframework.test.context.transaction.TransactionalTestExecutionListener, org.springframework.test.context.jdbc.SqlScriptsTestExecutionListener, org.springframework.test.context.event.EventPublishingTestExecutionListener]
14:22:28.309 [Test worker] INFO org.springframework.boot.test.autoconfigure.web.servlet.WebMvcTestContextBootstrapper - Using TestExecutionListeners: [org.springframework.test.context.web.ServletTestExecutionListener@24fb6a80, org.springframework.test.context.support.DirtiesContextBeforeModesTestExecutionListener@48c35007, org.springframework.test.context.event.ApplicationEventsTestExecutionListener@72a85671, org.springframework.boot.test.mock.mockito.MockitoTestExecutionListener@6722db6e, org.springframework.boot.test.autoconfigure.SpringBootDependencyInjectionTestExecutionListener@18f20260, org.springframework.test.context.support.DirtiesContextTestExecutionListener@4ae33a11, org.springframework.test.context.transaction.TransactionalTestExecutionListener@7a48e6e2, org.springframework.test.context.jdbc.SqlScriptsTestExecutionListener@b40bb6e, org.springframework.security.test.context.support.WithSecurityContextTestExecutionListener@3a94964, org.springframework.test.context.event.EventPublishingTestExecutionListener@5049d8b2, org.springframework.security.test.context.support.ReactorContextTestExecutionListener@6d0b5baf, org.springframework.boot.test.autoconfigure.restdocs.RestDocsTestExecutionListener@631e06ab, org.springframework.boot.test.autoconfigure.web.client.MockRestServiceServerResetTestExecutionListener@2a3591c5, org.springframework.boot.test.autoconfigure.web.servlet.MockMvcPrintOnlyOnFailureTestExecutionListener@34a75079, org.springframework.boot.test.autoconfigure.web.servlet.WebDriverTestExecutionListener@346a361, org.springframework.boot.test.autoconfigure.webservices.client.MockWebServiceServerTestExecutionListener@107ed6fc, org.springframework.boot.test.mock.mockito.ResetMocksTestExecutionListener@1643d68f]
14:22:28.314 [Test worker] DEBUG org.springframework.test.context.support.AbstractDirtiesContextTestExecutionListener - Before test class: context [DefaultTestContext@64beebb7 testClass = ContasAPagarControllerTest, testInstance = [null], testMethod = [null], testException = [null], mergedContextConfiguration = [WebMergedContextConfiguration@7813cb11 testClass = ContasAPagarControllerTest, locations = '{}', classes = '{class com.gradle.GradleApplication}', contextInitializerClasses = '[]', activeProfiles = '{}', propertySourceLocations = '{}', propertySourceProperties = '{org.springframework.boot.test.autoconfigure.web.servlet.WebMvcTestContextBootstrapper=true}', contextCustomizers = set[org.springframework.boot.test.autoconfigure.OverrideAutoConfigurationContextCustomizerFactory$DisableAutoConfigurationContextCustomizer@674bd420, org.springframework.boot.test.autoconfigure.actuate.metrics.MetricsExportContextCustomizerFactory$DisableMetricExportContextCustomizer@2072acb2, org.springframework.boot.test.autoconfigure.filter.TypeExcludeFiltersContextCustomizer@b4b54bc, org.springframework.boot.test.autoconfigure.properties.PropertyMappingContextCustomizer@7951adf, org.springframework.boot.test.autoconfigure.web.servlet.WebDriverContextCustomizerFactory$Customizer@73173f63, [ImportsContextCustomizer@bcec031 key = [org.springframework.boot.autoconfigure.cache.CacheAutoConfiguration, org.springframework.boot.autoconfigure.context.MessageSourceAutoConfiguration, org.springframework.boot.autoconfigure.data.web.SpringDataWebAutoConfiguration, org.springframework.boot.autoconfigure.freemarker.FreeMarkerAutoConfiguration, org.springframework.boot.autoconfigure.groovy.template.GroovyTemplateAutoConfiguration, org.springframework.boot.autoconfigure.gson.GsonAutoConfiguration, org.springframework.boot.autoconfigure.hateoas.HypermediaAutoConfiguration, org.springframework.boot.autoconfigure.http.HttpMessageConvertersAutoConfiguration, org.springframework.boot.autoconfigure.jackson.JacksonAutoConfiguration, org.springframework.boot.autoconfigure.jsonb.JsonbAutoConfiguration, org.springframework.boot.autoconfigure.mustache.MustacheAutoConfiguration, org.springframework.boot.autoconfigure.task.TaskExecutionAutoConfiguration, org.springframework.boot.autoconfigure.thymeleaf.ThymeleafAutoConfiguration, org.springframework.boot.autoconfigure.validation.ValidationAutoConfiguration, org.springframework.boot.autoconfigure.web.servlet.error.ErrorMvcAutoConfiguration, org.springframework.boot.autoconfigure.web.servlet.HttpEncodingAutoConfiguration, org.springframework.boot.autoconfigure.web.servlet.WebMvcAutoConfiguration, org.springframework.boot.test.autoconfigure.web.servlet.MockMvcAutoConfiguration, org.springframework.boot.test.autoconfigure.web.servlet.MockMvcWebClientAutoConfiguration, org.springframework.boot.test.autoconfigure.web.servlet.MockMvcWebDriverAutoConfiguration, org.springframework.boot.autoconfigure.security.oauth2.client.servlet.OAuth2ClientAutoConfiguration, org.springframework.boot.autoconfigure.security.oauth2.resource.servlet.OAuth2ResourceServerAutoConfiguration, org.springframework.boot.autoconfigure.security.servlet.SecurityAutoConfiguration, org.springframework.boot.autoconfigure.security.servlet.SecurityFilterAutoConfiguration, org.springframework.boot.autoconfigure.security.servlet.UserDetailsServiceAutoConfiguration, org.springframework.boot.test.autoconfigure.web.servlet.MockMvcSecurityConfiguration]], org.springframework.boot.test.context.filter.ExcludeFilterContextCustomizer@5a411614, org.springframework.boot.test.json.DuplicateJsonObjectContextCustomizerFactory$DuplicateJsonObjectContextCustomizer@1506f20f, org.springframework.boot.test.mock.mockito.MockitoContextCustomizer@102d83c1, org.springframework.boot.test.context.SpringBootTestArgs@1, org.springframework.boot.test.context.SpringBootTestWebEnvironment@0], resourceBasePath = 'src/main/webapp', contextLoader = 'org.springframework.boot.test.context.SpringBootContextLoader', parent = [null]], attributes = map[[empty]]], class annotated with @DirtiesContext [false] with mode [null].
14:22:28.360 [Test worker] DEBUG org.springframework.test.context.support.TestPropertySourceUtils - Adding inlined properties to environment: {spring.jmx.enabled=false, org.springframework.boot.test.autoconfigure.web.servlet.WebMvcTestContextBootstrapper=true}

  .   ____          _            __ _ _
 /\\ / ___'_ __ _ _(_)_ __  __ _ \ \ \ \
( ( )\___ | '_ | '_| | '_ \/ _` | \ \ \ \
 \\/  ___)| |_)| | | | | || (_| |  ) ) ) )
  '  |____| .__|_| |_|_| |_\__, | / / / /
 =========|_|==============|___/=/_/_/_/
 :: Spring Boot ::                (v2.5.6)

2024-08-08 14:22:28.836  INFO 14156 --- [    Test worker] c.g.a.c.ContasAPagarControllerTest       : Starting ContasAPagarControllerTest using Java 17.0.7 on DBC-001580 with PID 14156 (started by tiago.marques in C:\Users\tiago.marques\Documents\pessoal\benchmark\gradle-app)
2024-08-08 14:22:28.839  INFO 14156 --- [    Test worker] c.g.a.c.ContasAPagarControllerTest       : No active profile set, falling back to default profiles: default
2024-08-08 14:22:30.640  INFO 14156 --- [    Test worker] .s.s.UserDetailsServiceAutoConfiguration : 

Using generated security password: e2038aec-8c99-41a7-baea-05ae296ae9bb

2024-08-08 14:22:32.394  INFO 14156 --- [    Test worker] o.s.s.web.DefaultSecurityFilterChain     : Will secure any request with [org.springframework.security.web.context.request.async.WebAsyncManagerIntegrationFilter@4b56b517, org.springframework.security.web.context.SecurityContextPersistenceFilter@6b289535, org.springframework.security.web.header.HeaderWriterFilter@49925d21, org.springframework.security.web.csrf.CsrfFilter@5358c8fa, org.springframework.security.web.authentication.logout.LogoutFilter@4805069b, org.springframework.security.web.authentication.UsernamePasswordAuthenticationFilter@2ac9e53c, org.springframework.security.web.authentication.ui.DefaultLoginPageGeneratingFilter@70805849, org.springframework.security.web.authentication.ui.DefaultLogoutPageGeneratingFilter@1124dd79, org.springframework.security.web.authentication.www.BasicAuthenticationFilter@498b611e, org.springframework.security.web.savedrequest.RequestCacheAwareFilter@1d7f7962, org.springframework.security.web.servletapi.SecurityContextHolderAwareRequestFilter@3e8afc2d, org.springframework.security.web.authentication.AnonymousAuthenticationFilter@335cdd2, org.springframework.security.web.session.SessionManagementFilter@69d58731, org.springframework.security.web.access.ExceptionTranslationFilter@49f2646, org.springframework.security.web.access.intercept.FilterSecurityInterceptor@6150afc6]
2024-08-08 14:22:32.546  INFO 14156 --- [    Test worker] o.s.b.t.m.w.SpringBootMockServletContext : Initializing Spring TestDispatcherServlet ''
2024-08-08 14:22:32.546  INFO 14156 --- [    Test worker] o.s.t.web.servlet.TestDispatcherServlet  : Initializing Servlet ''
2024-08-08 14:22:32.548  INFO 14156 --- [    Test worker] o.s.t.web.servlet.TestDispatcherServlet  : Completed initialization in 1 ms
2024-08-08 14:22:33.223  INFO 14156 --- [    Test worker] c.g.a.c.ContasAPagarControllerTest       : Started ContasAPagarControllerTest in 4.853 seconds (JVM running for 6.594)
2024-08-08 14:22:33.293  INFO 14156 --- [    Test worker] o.s.mock.web.MockServletContext          : Initializing Spring TestDispatcherServlet ''
2024-08-08 14:22:33.294  INFO 14156 --- [    Test worker] o.s.t.web.servlet.TestDispatcherServlet  : Initializing Servlet ''
2024-08-08 14:22:33.294  INFO 14156 --- [    Test worker] o.s.t.web.servlet.TestDispatcherServlet  : Completed initialization in 0 ms
2024-08-08 14:22:33.732  INFO 14156 --- [    Test worker] o.s.mock.web.MockServletContext          : Initializing Spring TestDispatcherServlet ''
2024-08-08 14:22:33.732  INFO 14156 --- [    Test worker] o.s.t.web.servlet.TestDispatcherServlet  : Initializing Servlet ''
2024-08-08 14:22:33.732  INFO 14156 --- [    Test worker] o.s.t.web.servlet.TestDispatcherServlet  : Completed initialization in 0 ms
2024-08-08 14:22:33.775  INFO 14156 --- [    Test worker] o.s.mock.web.MockServletContext          : Initializing Spring TestDispatcherServlet ''
2024-08-08 14:22:33.775  INFO 14156 --- [    Test worker] o.s.t.web.servlet.TestDispatcherServlet  : Initializing Servlet ''
2024-08-08 14:22:33.776  INFO 14156 --- [    Test worker] o.s.t.web.servlet.TestDispatcherServlet  : Completed initialization in 0 ms
2024-08-08 14:22:33.817  INFO 14156 --- [    Test worker] o.s.mock.web.MockServletContext          : Initializing Spring TestDispatcherServlet ''
2024-08-08 14:22:33.817  INFO 14156 --- [    Test worker] o.s.t.web.servlet.TestDispatcherServlet  : Initializing Servlet ''
2024-08-08 14:22:33.817  INFO 14156 --- [    Test worker] o.s.t.web.servlet.TestDispatcherServlet  : Completed initialization in 0 ms
2024-08-08 14:22:33.853  INFO 14156 --- [    Test worker] o.s.mock.web.MockServletContext          : Initializing Spring TestDispatcherServlet ''
2024-08-08 14:22:33.854  INFO 14156 --- [    Test worker] o.s.t.web.servlet.TestDispatcherServlet  : Initializing Servlet ''
2024-08-08 14:22:33.854  INFO 14156 --- [    Test worker] o.s.t.web.servlet.TestDispatcherServlet  : Completed initialization in 0 ms
2024-08-08 14:22:33.891  INFO 14156 --- [    Test worker] o.s.mock.web.MockServletContext          : Initializing Spring TestDispatcherServlet ''
2024-08-08 14:22:33.891  INFO 14156 --- [    Test worker] o.s.t.web.servlet.TestDispatcherServlet  : Initializing Servlet ''
2024-08-08 14:22:33.892  INFO 14156 --- [    Test worker] o.s.t.web.servlet.TestDispatcherServlet  : Completed initialization in 1 ms
2024-08-08 14:22:33.936  INFO 14156 --- [    Test worker] o.s.mock.web.MockServletContext          : Initializing Spring TestDispatcherServlet ''
2024-08-08 14:22:33.936  INFO 14156 --- [    Test worker] o.s.t.web.servlet.TestDispatcherServlet  : Initializing Servlet ''
2024-08-08 14:22:33.937  INFO 14156 --- [    Test worker] o.s.t.web.servlet.TestDispatcherServlet  : Completed initialization in 1 ms
]]></system-out>
  <system-err><![CDATA[]]></system-err>
</testsuite>
