<?xml version="1.0" encoding="UTF-8"?>
<testsuite name="com.gradle.domain.ContasAPagarServiceTest" tests="5" skipped="0" failures="0" errors="0" timestamp="2024-08-08T17:22:34" hostname="DBC-001580" time="0.061">
  <properties/>
  <testcase name="Deve importar contas a pagar de um arquivo CSV" classname="com.gradle.domain.ContasAPagarServiceTest" time="0.008"/>
  <testcase name="Deve retornar uma conta a pagar por ID" classname="com.gradle.domain.ContasAPagarServiceTest" time="0.027"/>
  <testcase name="Deve retornar o valor total pago por período" classname="com.gradle.domain.ContasAPagarServiceTest" time="0.008"/>
  <testcase name="Deve salvar uma nova conta a pagar" classname="com.gradle.domain.ContasAPagarServiceTest" time="0.005"/>
  <testcase name="Deve retornar contas paginadas por vencimento e descrição" classname="com.gradle.domain.ContasAPagarServiceTest" time="0.007"/>
  <system-out><![CDATA[2024-08-08 14:22:33.977  INFO 14156 --- [    Test worker] o.s.t.c.support.AbstractContextLoader    : Could not detect default resource locations for test class [com.gradle.domain.ContasAPagarServiceTest]: no resource found for suffixes {-context.xml}.
2024-08-08 14:22:33.978  INFO 14156 --- [    Test worker] t.c.s.AnnotationConfigContextLoaderUtils : Could not detect default configuration classes for test class [com.gradle.domain.ContasAPagarServiceTest]: ContasAPagarServiceTest does not declare any static, non-private, non-final, nested classes annotated with @Configuration.
2024-08-08 14:22:33.981  INFO 14156 --- [    Test worker] o.s.t.c.s.DefaultTestContextBootstrapper : Loaded default TestExecutionListener class names from location [META-INF/spring.factories]: [org.springframework.security.test.context.support.WithSecurityContextTestExecutionListener, org.springframework.security.test.context.support.ReactorContextTestExecutionListener, org.springframework.boot.test.autoconfigure.restdocs.RestDocsTestExecutionListener, org.springframework.boot.test.autoconfigure.web.client.MockRestServiceServerResetTestExecutionListener, org.springframework.boot.test.autoconfigure.web.servlet.MockMvcPrintOnlyOnFailureTestExecutionListener, org.springframework.boot.test.autoconfigure.web.servlet.WebDriverTestExecutionListener, org.springframework.boot.test.autoconfigure.webservices.client.MockWebServiceServerTestExecutionListener, org.springframework.boot.test.mock.mockito.MockitoTestExecutionListener, org.springframework.boot.test.mock.mockito.ResetMocksTestExecutionListener, org.springframework.test.context.web.ServletTestExecutionListener, org.springframework.test.context.support.DirtiesContextBeforeModesTestExecutionListener, org.springframework.test.context.event.ApplicationEventsTestExecutionListener, org.springframework.test.context.support.DependencyInjectionTestExecutionListener, org.springframework.test.context.support.DirtiesContextTestExecutionListener, org.springframework.test.context.transaction.TransactionalTestExecutionListener, org.springframework.test.context.jdbc.SqlScriptsTestExecutionListener, org.springframework.test.context.event.EventPublishingTestExecutionListener]
2024-08-08 14:22:33.983  INFO 14156 --- [    Test worker] o.s.t.c.s.DefaultTestContextBootstrapper : Using TestExecutionListeners: [org.springframework.test.context.web.ServletTestExecutionListener@2634d000, org.springframework.test.context.support.DirtiesContextBeforeModesTestExecutionListener@1642968c, org.springframework.test.context.event.ApplicationEventsTestExecutionListener@3a7dcfb7, org.springframework.boot.test.mock.mockito.MockitoTestExecutionListener@50b4e7b2, org.springframework.test.context.support.DependencyInjectionTestExecutionListener@50008974, org.springframework.test.context.support.DirtiesContextTestExecutionListener@5274830e, org.springframework.test.context.transaction.TransactionalTestExecutionListener@6a0ee80, org.springframework.test.context.jdbc.SqlScriptsTestExecutionListener@71de1091, org.springframework.security.test.context.support.WithSecurityContextTestExecutionListener@25c16cf7, org.springframework.test.context.event.EventPublishingTestExecutionListener@53dbe7b2, org.springframework.security.test.context.support.ReactorContextTestExecutionListener@520ec7a7, org.springframework.boot.test.autoconfigure.restdocs.RestDocsTestExecutionListener@53551fef, org.springframework.boot.test.autoconfigure.web.client.MockRestServiceServerResetTestExecutionListener@7d5d77a6, org.springframework.boot.test.autoconfigure.web.servlet.MockMvcPrintOnlyOnFailureTestExecutionListener@71b7e9c8, org.springframework.boot.test.autoconfigure.web.servlet.WebDriverTestExecutionListener@55202ba6, org.springframework.boot.test.autoconfigure.webservices.client.MockWebServiceServerTestExecutionListener@2ef1fc8a, org.springframework.boot.test.mock.mockito.ResetMocksTestExecutionListener@38874eb5]
]]></system-out>
  <system-err><![CDATA[]]></system-err>
</testsuite>
